<?xml version="1.0" encoding="utf-8" standalone="no"?>
<test-run id="0" runstate="Runnable" testcasecount="25" result="Passed" total="5" passed="5" failed="0" inconclusive="0" skipped="0" asserts="13" engine-version="3.12.0.0" clr-version="4.0.30319.42000" start-time="2021-03-08 13:46:17Z" end-time="2021-03-08 13:46:43Z" duration="25.697741">
  <command-line><![CDATA[c:\nunit-console\nunit3-console.exe  C:\Jenkins\Projects\Romanukha\RvCrashCourse2021\RvCrashCourse2021\bin\Debug\RvCrashCourse2021.dll  --where "cat==Smoke"  /result:TestResults.xml]]></command-line>
  <filter>
    <cat>Smoke</cat>
  </filter>
  <test-suite type="Assembly" id="1-1034" name="RvCrashCourse2021.dll" fullname="C:\Jenkins\Projects\Romanukha\RvCrashCourse2021\RvCrashCourse2021\bin\Debug\RvCrashCourse2021.dll" runstate="Runnable" testcasecount="25" result="Passed" start-time="2021-03-08 13:46:19Z" end-time="2021-03-08 13:46:43Z" duration="23.880552" total="5" passed="5" failed="0" warnings="0" inconclusive="0" skipped="0" asserts="13">
    <environment framework-version="3.10.1.0" clr-version="4.0.30319.42000" os-version="Microsoft Windows NT 10.0.19042.0" platform="Win32NT" cwd="C:\Jenkins\Projects\Romanukha\RvCrashCourse2021\RvCrashCourse2021\bin\Debug" machine-name="PC1NCHXD" user="aromanuk" user-domain="SOFTSERVE" culture="en-US" uiculture="en-US" os-architecture="x64" />
    <settings>
      <setting name="DisposeRunners" value="True" />
      <setting name="WorkDirectory" value="C:\CrashCourse\CrashCourseAT" />
      <setting name="ImageRuntimeVersion" value="4.0.30319" />
      <setting name="ImageTargetFrameworkName" value=".NETFramework,Version=v4.5.2" />
      <setting name="ImageRequiresX86" value="False" />
      <setting name="ImageRequiresDefaultAppDomainAssemblyResolver" value="False" />
      <setting name="TargetRuntimeFramework" value="net-4.0" />
      <setting name="NumberOfTestWorkers" value="8" />
    </settings>
    <properties>
      <property name="_PID" value="22120" />
      <property name="_APPDOMAIN" value="domain-" />
    </properties>
    <test-suite type="TestSuite" id="1-1035" name="RvCrashCourse2021" fullname="RvCrashCourse2021" runstate="Runnable" testcasecount="25" result="Passed" start-time="2021-03-08 13:46:19Z" end-time="2021-03-08 13:46:43Z" duration="23.865832" total="5" passed="5" failed="0" warnings="0" inconclusive="0" skipped="0" asserts="13">
      <properties />
      <test-suite type="TestFixture" id="1-1012" name="SmokeTest" fullname="RvCrashCourse2021.SmokeTest" classname="RvCrashCourse2021.SmokeTest" runstate="Runnable" testcasecount="5" result="Passed" start-time="2021-03-08 13:46:19Z" end-time="2021-03-08 13:46:43Z" duration="23.863691" total="5" passed="5" failed="0" warnings="0" inconclusive="0" skipped="0" asserts="13">
        <properties />
        <test-suite type="ParameterizedMethod" id="1-1019" name="LocalizationTest1" fullname="RvCrashCourse2021.SmokeTest.LocalizationTest1" classname="RvCrashCourse2021.SmokeTest" runstate="Runnable" testcasecount="3" result="Passed" start-time="2021-03-08 13:46:19Z" end-time="2021-03-08 13:46:35Z" duration="15.514263" total="3" passed="3" failed="0" warnings="0" inconclusive="0" skipped="0" asserts="9">
          <properties>
            <property name="Category" value="Smoke" />
          </properties>
          <test-case id="1-1016" name="LocalizationTest1(ENGLISH)" fullname="RvCrashCourse2021.SmokeTest.LocalizationTest1(ENGLISH)" methodname="LocalizationTest1" classname="RvCrashCourse2021.SmokeTest" runstate="Runnable" seed="1321387302" result="Passed" start-time="2021-03-08 13:46:19Z" end-time="2021-03-08 13:46:26Z" duration="7.052993" asserts="3">
            <properties />
          </test-case>
          <test-case id="1-1017" name="LocalizationTest1(RUSSIAN)" fullname="RvCrashCourse2021.SmokeTest.LocalizationTest1(RUSSIAN)" methodname="LocalizationTest1" classname="RvCrashCourse2021.SmokeTest" runstate="Runnable" seed="1214068111" result="Passed" start-time="2021-03-08 13:46:26Z" end-time="2021-03-08 13:46:31Z" duration="4.325901" asserts="3">
            <properties />
          </test-case>
          <test-case id="1-1018" name="LocalizationTest1(UKRAINIAN)" fullname="RvCrashCourse2021.SmokeTest.LocalizationTest1(UKRAINIAN)" methodname="LocalizationTest1" classname="RvCrashCourse2021.SmokeTest" runstate="Runnable" seed="824653482" result="Passed" start-time="2021-03-08 13:46:31Z" end-time="2021-03-08 13:46:35Z" duration="4.128916" asserts="3">
            <properties />
          </test-case>
        </test-suite>
        <test-suite type="ParameterizedMethod" id="1-1015" name="LoginTest9" fullname="RvCrashCourse2021.SmokeTest.LoginTest9" classname="RvCrashCourse2021.SmokeTest" runstate="Runnable" testcasecount="2" result="Passed" start-time="2021-03-08 13:46:35Z" end-time="2021-03-08 13:46:43Z" duration="7.930822" total="2" passed="2" failed="0" warnings="0" inconclusive="0" skipped="0" asserts="4">
          <properties>
            <property name="Category" value="Smoke" />
          </properties>
          <test-case id="1-1013" name="LoginTest9(crashCourse2021.Data.Users.User)" fullname="RvCrashCourse2021.SmokeTest.LoginTest9(crashCourse2021.Data.Users.User)" methodname="LoginTest9" classname="RvCrashCourse2021.SmokeTest" runstate="Runnable" seed="811189121" result="Passed" start-time="2021-03-08 13:46:35Z" end-time="2021-03-08 13:46:39Z" duration="4.115909" asserts="2">
            <properties />
            <output><![CDATA[[INFO] Time: 15:46:35 Message: Test Start: ThreadID= 10
[DEBUG] Time: 15:46:35 Message: SetLoginData() Start, user.Login= work
[TRACE] Time: 15:46:36 Message: SetLoginData(), Point 1, user.Login= work
[TRACE] Time: 15:46:36 Message: SetLoginData(), Point 2, user.Login= work
[DEBUG] Time: 15:46:37 Message: SetLoginData() Done, user.Login= work
[INFO] Time: 15:46:37 Message: Check Invalid User Login
[INFO] Time: 15:46:38 Message: Test Done: ThreadID= 10
]]></output>
          </test-case>
          <test-case id="1-1014" name="LoginTest9(crashCourse2021.Data.Users.User)" fullname="RvCrashCourse2021.SmokeTest.LoginTest9(crashCourse2021.Data.Users.User)" methodname="LoginTest9" classname="RvCrashCourse2021.SmokeTest" runstate="Runnable" seed="807380165" result="Passed" start-time="2021-03-08 13:46:39Z" end-time="2021-03-08 13:46:43Z" duration="3.813439" asserts="2">
            <properties />
            <output><![CDATA[[INFO] Time: 15:46:39 Message: Test Start: ThreadID= 10
[DEBUG] Time: 15:46:39 Message: SetLoginData() Start, user.Login= work
[TRACE] Time: 15:46:40 Message: SetLoginData(), Point 1, user.Login= work
[TRACE] Time: 15:46:40 Message: SetLoginData(), Point 2, user.Login= work
[DEBUG] Time: 15:46:41 Message: SetLoginData() Done, user.Login= work
[INFO] Time: 15:46:41 Message: Check Invalid User Login
[INFO] Time: 15:46:42 Message: Test Done: ThreadID= 10
]]></output>
          </test-case>
        </test-suite>
      </test-suite>
    </test-suite>
  </test-suite>
</test-run>